2025-03-12 09:32:44.877 | INFO     | __main__:<module>:39 - Logging to file: logs/project_log.log
2025-03-12 09:32:44.878 | INFO     | __main__:main:61 - STARTING logger.py
2025-03-12 09:32:44.878 | INFO     | __main__:log_example:52 - This is an example info message.
2025-03-12 09:32:44.878 | WARNING  | __main__:log_example:53 - This is an example warning message.
2025-03-12 09:32:44.878 | ERROR    | __main__:log_example:54 - This is an example error message.
2025-03-12 09:32:44.878 | INFO     | __main__:main:66 - View the log output at logs/project_log.log
2025-03-12 09:32:44.878 | INFO     | __main__:main:67 - EXITING logger.py.
2025-03-12 09:40:27.303 | INFO     | utils.logger:<module>:39 - Logging to file: logs/project_log.log
2025-03-12 09:40:27.304 | INFO     | __main__:main:41 - Starting data preparation...
2025-03-12 09:40:27.304 | INFO     | __main__:read_raw_data:26 - Reading raw data from /Users/lindsayfoster/Projects/smart-store-foster/data/raw/customers_data.csv.
2025-03-12 09:40:27.307 | INFO     | __main__:read_raw_data:26 - Reading raw data from /Users/lindsayfoster/Projects/smart-store-foster/data/raw/products_data.csv.
2025-03-12 09:40:27.308 | INFO     | __main__:read_raw_data:26 - Reading raw data from /Users/lindsayfoster/Projects/smart-store-foster/data/raw/sales_data.csv.
2025-03-12 09:40:27.309 | INFO     | __main__:main:45 - Data preparation complete.
2025-03-12 09:42:13.642 | INFO     | __main__:<module>:39 - Logging to file: logs/project_log.log
2025-03-12 09:42:13.642 | INFO     | __main__:main:61 - STARTING logger.py
2025-03-12 09:42:13.642 | INFO     | __main__:log_example:52 - This is an example info message.
2025-03-12 09:42:13.642 | WARNING  | __main__:log_example:53 - This is an example warning message.
2025-03-12 09:42:13.642 | ERROR    | __main__:log_example:54 - This is an example error message.
2025-03-12 09:42:13.642 | INFO     | __main__:main:66 - View the log output at logs/project_log.log
2025-03-12 09:42:13.642 | INFO     | __main__:main:67 - EXITING logger.py.
2025-03-12 09:59:27.935 | INFO     | __main__:<module>:39 - Logging to file: logs/project_log.log
2025-03-12 09:59:27.935 | INFO     | __main__:main:61 - STARTING logger.py
2025-03-12 09:59:27.935 | INFO     | __main__:log_example:52 - This is an example info message.
2025-03-12 09:59:27.935 | WARNING  | __main__:log_example:53 - This is an example warning message.
2025-03-12 09:59:27.935 | ERROR    | __main__:log_example:54 - This is an example error message.
2025-03-12 09:59:27.935 | INFO     | __main__:main:66 - View the log output at logs/project_log.log
2025-03-12 09:59:27.935 | INFO     | __main__:main:67 - EXITING logger.py.
2025-03-12 09:59:32.683 | INFO     | utils.logger:<module>:39 - Logging to file: logs/project_log.log
2025-03-12 09:59:32.684 | INFO     | __main__:main:41 - Starting data preparation...
2025-03-12 09:59:32.684 | INFO     | __main__:read_raw_data:26 - Reading raw data from /Users/lindsayfoster/Projects/smart-store-foster/data/raw/customers_data.csv.
2025-03-12 09:59:32.689 | INFO     | __main__:read_raw_data:26 - Reading raw data from /Users/lindsayfoster/Projects/smart-store-foster/data/raw/products_data.csv.
2025-03-12 09:59:32.690 | INFO     | __main__:read_raw_data:26 - Reading raw data from /Users/lindsayfoster/Projects/smart-store-foster/data/raw/sales_data.csv.
2025-03-12 09:59:32.691 | INFO     | __main__:main:45 - Data preparation complete.
2025-03-13 12:34:49.033 | INFO     | utils.logger:<module>:39 - Logging to file: logs/project_log.log
2025-03-13 12:34:49.033 | INFO     | __main__:main:41 - Starting data preparation...
2025-03-13 12:34:49.033 | INFO     | __main__:read_raw_data:26 - Reading raw data from /Users/lindsayfoster/Projects/smart-store-foster/data/raw/customers_data.csv.
2025-03-13 12:34:49.038 | INFO     | __main__:read_raw_data:26 - Reading raw data from /Users/lindsayfoster/Projects/smart-store-foster/data/raw/products_data.csv.
2025-03-13 12:34:49.039 | INFO     | __main__:read_raw_data:26 - Reading raw data from /Users/lindsayfoster/Projects/smart-store-foster/data/raw/sales_data.csv.
2025-03-13 12:34:49.041 | INFO     | __main__:main:45 - Data preparation complete.
2025-03-13 12:41:29.020 | INFO     | utils.logger:<module>:39 - Logging to file: logs/project_log.log
2025-03-13 12:41:29.021 | INFO     | __main__:main:89 - Starting data preparation...
2025-03-13 12:41:29.021 | INFO     | __main__:read_raw_data:30 - Reading raw data from /Users/lindsayfoster/Projects/smart-store-foster/data/raw/customers_data.csv.
2025-03-17 12:41:47.403 | INFO     | __main__:<module>:39 - Logging to file: logs/project_log.log
2025-03-17 12:41:47.403 | INFO     | __main__:main:61 - STARTING logger.py
2025-03-17 12:41:47.403 | INFO     | __main__:log_example:52 - This is an example info message.
2025-03-17 12:41:47.403 | WARNING  | __main__:log_example:53 - This is an example warning message.
2025-03-17 12:41:47.403 | ERROR    | __main__:log_example:54 - This is an example error message.
2025-03-17 12:41:47.403 | INFO     | __main__:main:66 - View the log output at logs/project_log.log
2025-03-17 12:41:47.403 | INFO     | __main__:main:67 - EXITING logger.py.
2025-03-25 13:36:38.494 | INFO     | utils.logger:<module>:39 - Logging to file: logs/project_log.log
2025-03-25 13:36:38.494 | INFO     | __main__:main:53 - ======================
2025-03-25 13:36:38.494 | INFO     | __main__:main:54 - STARTING data_prep.py
2025-03-25 13:36:38.494 | INFO     | __main__:main:55 - ======================
2025-03-25 13:36:38.494 | INFO     | __main__:main:57 - ========================
2025-03-25 13:36:38.494 | INFO     | __main__:main:58 - Starting CUSTOMERS prep
2025-03-25 13:36:38.494 | INFO     | __main__:main:59 - ========================
2025-03-25 13:36:38.516 | INFO     | __main__:save_prepared_data:49 - Data saved to /Users/lindsayfoster/Projects/smart-store-foster/data/prepared/prepared_customers_data.csv
2025-03-25 13:36:38.516 | INFO     | __main__:main:90 - ======================
2025-03-25 13:36:38.516 | INFO     | __main__:main:91 - FINISHED CUSTOMERS prep
2025-03-25 13:36:38.516 | INFO     | __main__:main:92 - ======================
2025-03-25 13:38:13.224 | INFO     | utils.logger:<module>:39 - Logging to file: logs/project_log.log
2025-03-25 13:38:13.224 | INFO     | __main__:main:53 - ======================
2025-03-25 13:38:13.225 | INFO     | __main__:main:54 - STARTING data_prep.py
2025-03-25 13:38:13.225 | INFO     | __main__:main:55 - ======================
2025-03-25 13:38:13.225 | INFO     | __main__:main:57 - ========================
2025-03-25 13:38:13.225 | INFO     | __main__:main:58 - Starting PRODUCTS prep
2025-03-25 13:38:13.225 | INFO     | __main__:main:59 - ========================
2025-03-25 13:40:12.365 | INFO     | utils.logger:<module>:39 - Logging to file: logs/project_log.log
2025-03-25 13:40:12.366 | INFO     | __main__:main:53 - ======================
2025-03-25 13:40:12.366 | INFO     | __main__:main:54 - STARTING data_prep.py
2025-03-25 13:40:12.366 | INFO     | __main__:main:55 - ======================
2025-03-25 13:40:12.366 | INFO     | __main__:main:57 - ========================
2025-03-25 13:40:12.366 | INFO     | __main__:main:58 - Starting PRODUCTS prep
2025-03-25 13:40:12.366 | INFO     | __main__:main:59 - ========================
2025-03-25 13:40:12.383 | INFO     | __main__:save_prepared_data:49 - Data saved to /Users/lindsayfoster/Projects/smart-store-foster/data/prepared/prepared_products_data.csv
2025-03-25 13:40:12.383 | INFO     | __main__:main:86 - ======================
2025-03-25 13:40:12.383 | INFO     | __main__:main:87 - FINISHED PRODUCTS prep
2025-03-25 13:40:12.384 | INFO     | __main__:main:88 - ======================
2025-03-25 13:42:37.858 | INFO     | utils.logger:<module>:39 - Logging to file: logs/project_log.log
2025-03-25 13:42:37.859 | INFO     | __main__:main:53 - ======================
2025-03-25 13:42:37.859 | INFO     | __main__:main:54 - STARTING data_prep.py
2025-03-25 13:42:37.859 | INFO     | __main__:main:55 - ======================
2025-03-25 13:42:37.859 | INFO     | __main__:main:57 - ========================
2025-03-25 13:42:37.859 | INFO     | __main__:main:58 - Starting SALES prep
2025-03-25 13:42:37.859 | INFO     | __main__:main:59 - ========================
2025-03-25 13:42:37.885 | INFO     | __main__:save_prepared_data:49 - Data saved to /Users/lindsayfoster/Projects/smart-store-foster/data/prepared/prepared_sales_data.csv
2025-03-25 13:42:37.885 | INFO     | __main__:main:87 - ======================
2025-03-25 13:42:37.885 | INFO     | __main__:main:88 - FINISHED SALES prep
2025-03-25 13:42:37.885 | INFO     | __main__:main:89 - ======================
